<?xml version="1.0" encoding="UTF-8"?>
<!-- Generated by org.testng.reporters.JUnitReportReporter -->
<testsuite hostname="INBOOK_X2_PLUS" failures="0" tests="1" name="com.example.tests.GoogleSearchTest" time="9.080" errors="0" timestamp="2025-03-02T19:30:10 IST" skipped="0">
  <testcase classname="com.example.tests.GoogleSearchTest" name="testGoogleSearch" time="9.080"/>
</testsuite> <!-- com.example.tests.GoogleSearchTest -->
